<?xml version="1.0" encoding="UTF-8"?>
<coverage generated="1663957561340" clover="3.2.0">
  <project timestamp="1663957561340" name="All files">
    <metrics statements="130" coveredstatements="127" conditionals="29" coveredconditionals="21" methods="36" coveredmethods="35" elements="195" coveredelements="183" complexity="0" loc="130" ncloc="130" packages="9" files="10" classes="10"/>
    <package name="src">
      <metrics statements="14" coveredstatements="14" conditionals="0" coveredconditionals="0" methods="0" coveredmethods="0"/>
      <file name="app.ts" path="/home/gabrielfarias/Documents/Driven/Projetos/projeto21-singmeasong/back-end/src/app.ts">
        <metrics statements="11" coveredstatements="11" conditionals="0" coveredconditionals="0" methods="0" coveredmethods="0"/>
        <line num="1" count="1" type="stmt"/>
        <line num="2" count="1" type="stmt"/>
        <line num="3" count="1" type="stmt"/>
        <line num="4" count="1" type="stmt"/>
        <line num="5" count="1" type="stmt"/>
        <line num="7" count="1" type="stmt"/>
        <line num="8" count="1" type="stmt"/>
        <line num="9" count="1" type="stmt"/>
        <line num="11" count="1" type="stmt"/>
        <line num="12" count="1" type="stmt"/>
        <line num="14" count="1" type="stmt"/>
      </file>
      <file name="database.ts" path="/home/gabrielfarias/Documents/Driven/Projetos/projeto21-singmeasong/back-end/src/database.ts">
        <metrics statements="3" coveredstatements="3" conditionals="0" coveredconditionals="0" methods="0" coveredmethods="0"/>
        <line num="1" count="2" type="stmt"/>
        <line num="3" count="2" type="stmt"/>
        <line num="4" count="2" type="stmt"/>
      </file>
    </package>
    <package name="src.controllers">
      <metrics statements="27" coveredstatements="27" conditionals="1" coveredconditionals="1" methods="8" coveredmethods="8"/>
      <file name="recommendationController.ts" path="/home/gabrielfarias/Documents/Driven/Projetos/projeto21-singmeasong/back-end/src/controllers/recommendationController.ts">
        <metrics statements="27" coveredstatements="27" conditionals="1" coveredconditionals="1" methods="8" coveredmethods="8"/>
        <line num="2" count="1" type="stmt"/>
        <line num="3" count="1" type="stmt"/>
        <line num="4" count="1" type="stmt"/>
        <line num="7" count="11" type="stmt"/>
        <line num="8" count="11" type="cond" truecount="1" falsecount="0"/>
        <line num="9" count="1" type="stmt"/>
        <line num="12" count="10" type="stmt"/>
        <line num="14" count="9" type="stmt"/>
        <line num="18" count="2" type="stmt"/>
        <line num="20" count="2" type="stmt"/>
        <line num="22" count="1" type="stmt"/>
        <line num="26" count="8" type="stmt"/>
        <line num="28" count="8" type="stmt"/>
        <line num="30" count="7" type="stmt"/>
        <line num="34" count="2" type="stmt"/>
        <line num="36" count="1" type="stmt"/>
        <line num="40" count="1" type="stmt"/>
        <line num="41" count="1" type="stmt"/>
        <line num="45" count="1" type="stmt"/>
        <line num="47" count="1" type="stmt"/>
        <line num="48" count="1" type="stmt"/>
        <line num="52" count="2" type="stmt"/>
        <line num="54" count="2" type="stmt"/>
        <line num="55" count="1" type="stmt"/>
        <line num="59" count="1" type="stmt"/>
        <line num="61" count="1" type="stmt"/>
        <line num="64" count="1" type="stmt"/>
      </file>
    </package>
    <package name="src.middlewares">
      <metrics statements="5" coveredstatements="4" conditionals="1" coveredconditionals="1" methods="1" coveredmethods="1"/>
      <file name="errorHandlerMiddleware.ts" path="/home/gabrielfarias/Documents/Driven/Projetos/projeto21-singmeasong/back-end/src/middlewares/errorHandlerMiddleware.ts">
        <metrics statements="5" coveredstatements="4" conditionals="1" coveredconditionals="1" methods="1" coveredmethods="1"/>
        <line num="2" count="1" type="stmt"/>
        <line num="8" count="1" type="stmt"/>
        <line num="14" count="6" type="cond" truecount="1" falsecount="0"/>
        <line num="15" count="6" type="stmt"/>
        <line num="18" count="0" type="stmt"/>
      </file>
    </package>
    <package name="src.repositories">
      <metrics statements="14" coveredstatements="14" conditionals="1" coveredconditionals="1" methods="9" coveredmethods="9"/>
      <file name="recommendationRepository.ts" path="/home/gabrielfarias/Documents/Driven/Projetos/projeto21-singmeasong/back-end/src/repositories/recommendationRepository.ts">
        <metrics statements="14" coveredstatements="14" conditionals="1" coveredconditionals="1" methods="9" coveredmethods="9"/>
        <line num="2" count="2" type="stmt"/>
        <line num="6" count="9" type="stmt"/>
        <line num="17" count="5" type="stmt"/>
        <line num="19" count="5" type="stmt"/>
        <line num="27" count="1" type="stmt"/>
        <line num="36" count="5" type="cond" truecount="1" falsecount="0"/>
        <line num="38" count="2" type="stmt"/>
        <line num="40" count="2" type="stmt"/>
        <line num="46" count="12" type="stmt"/>
        <line num="52" count="10" type="stmt"/>
        <line num="58" count="8" type="stmt"/>
        <line num="67" count="1" type="stmt"/>
        <line num="73" count="1" type="stmt"/>
        <line num="76" count="2" type="stmt"/>
      </file>
    </package>
    <package name="src.routers">
      <metrics statements="12" coveredstatements="12" conditionals="0" coveredconditionals="0" methods="0" coveredmethods="0"/>
      <file name="recommendationRouter.ts" path="/home/gabrielfarias/Documents/Driven/Projetos/projeto21-singmeasong/back-end/src/routers/recommendationRouter.ts">
        <metrics statements="12" coveredstatements="12" conditionals="0" coveredconditionals="0" methods="0" coveredmethods="0"/>
        <line num="1" count="1" type="stmt"/>
        <line num="2" count="1" type="stmt"/>
        <line num="4" count="1" type="stmt"/>
        <line num="6" count="1" type="stmt"/>
        <line num="7" count="1" type="stmt"/>
        <line num="8" count="1" type="stmt"/>
        <line num="9" count="1" type="stmt"/>
        <line num="10" count="1" type="stmt"/>
        <line num="11" count="1" type="stmt"/>
        <line num="12" count="1" type="stmt"/>
        <line num="14" count="1" type="stmt"/>
        <line num="16" count="1" type="stmt"/>
      </file>
    </package>
    <package name="src.schemas">
      <metrics statements="3" coveredstatements="3" conditionals="0" coveredconditionals="0" methods="0" coveredmethods="0"/>
      <file name="recommendationsSchemas.ts" path="/home/gabrielfarias/Documents/Driven/Projetos/projeto21-singmeasong/back-end/src/schemas/recommendationsSchemas.ts">
        <metrics statements="3" coveredstatements="3" conditionals="0" coveredconditionals="0" methods="0" coveredmethods="0"/>
        <line num="1" count="1" type="stmt"/>
        <line num="4" count="1" type="stmt"/>
        <line num="6" count="1" type="stmt"/>
      </file>
    </package>
    <package name="src.services">
      <metrics statements="33" coveredstatements="33" conditionals="6" coveredconditionals="6" methods="10" coveredmethods="10"/>
      <file name="recommendationsService.ts" path="/home/gabrielfarias/Documents/Driven/Projetos/projeto21-singmeasong/back-end/src/services/recommendationsService.ts">
        <metrics statements="33" coveredstatements="33" conditionals="6" coveredconditionals="6" methods="10" coveredmethods="10"/>
        <line num="2" count="2" type="stmt"/>
        <line num="3" count="2" type="stmt"/>
        <line num="8" count="12" type="stmt"/>
        <line num="11" count="12" type="cond" truecount="1" falsecount="0"/>
        <line num="12" count="2" type="stmt"/>
        <line num="14" count="10" type="stmt"/>
        <line num="18" count="4" type="stmt"/>
        <line num="20" count="2" type="stmt"/>
        <line num="24" count="11" type="stmt"/>
        <line num="26" count="9" type="stmt"/>
        <line num="31" count="9" type="cond" truecount="1" falsecount="0"/>
        <line num="32" count="2" type="stmt"/>
        <line num="37" count="17" type="stmt"/>
        <line num="38" count="17" type="cond" truecount="1" falsecount="0"/>
        <line num="40" count="12" type="stmt"/>
        <line num="44" count="2" type="stmt"/>
        <line num="48" count="2" type="stmt"/>
        <line num="52" count="3" type="stmt"/>
        <line num="53" count="3" type="stmt"/>
        <line num="55" count="3" type="stmt"/>
        <line num="56" count="3" type="cond" truecount="1" falsecount="0"/>
        <line num="57" count="1" type="stmt"/>
        <line num="60" count="2" type="stmt"/>
        <line num="61" count="2" type="stmt"/>
        <line num="65" count="3" type="stmt"/>
        <line num="70" count="3" type="cond" truecount="1" falsecount="0"/>
        <line num="71" count="1" type="stmt"/>
        <line num="74" count="2" type="stmt"/>
        <line num="78" count="5" type="cond" truecount="1" falsecount="0"/>
        <line num="79" count="4" type="stmt"/>
        <line num="82" count="1" type="stmt"/>
        <line num="86" count="2" type="stmt"/>
        <line num="89" count="2" type="stmt"/>
      </file>
    </package>
    <package name="src.utils">
      <metrics statements="16" coveredstatements="14" conditionals="20" coveredconditionals="12" methods="6" coveredmethods="5"/>
      <file name="errorUtils.ts" path="/home/gabrielfarias/Documents/Driven/Projetos/projeto21-singmeasong/back-end/src/utils/errorUtils.ts">
        <metrics statements="16" coveredstatements="14" conditionals="20" coveredconditionals="12" methods="6" coveredmethods="5"/>
        <line num="7" count="2" type="stmt"/>
        <line num="8" count="6" type="stmt"/>
        <line num="11" count="2" type="stmt"/>
        <line num="12" count="6" type="cond" truecount="1" falsecount="0"/>
        <line num="13" count="5" type="cond" truecount="1" falsecount="0"/>
        <line num="14" count="1" type="cond" truecount="0" falsecount="1"/>
        <line num="15" count="1" type="cond" truecount="1" falsecount="0"/>
        <line num="16" count="0" type="stmt"/>
        <line num="19" count="2" type="stmt"/>
        <line num="20" count="2" type="cond" truecount="3" falsecount="1"/>
        <line num="23" count="2" type="stmt"/>
        <line num="24" count="6" type="cond" truecount="3" falsecount="1"/>
        <line num="27" count="2" type="stmt"/>
        <line num="28" count="0" type="cond" truecount="0" falsecount="4"/>
        <line num="31" count="2" type="stmt"/>
        <line num="32" count="1" type="cond" truecount="3" falsecount="1"/>
      </file>
    </package>
    <package name="tests.factories">
      <metrics statements="6" coveredstatements="6" conditionals="0" coveredconditionals="0" methods="2" coveredmethods="2"/>
      <file name="recommendationFactory.ts" path="/home/gabrielfarias/Documents/Driven/Projetos/projeto21-singmeasong/back-end/tests/factories/recommendationFactory.ts">
        <metrics statements="6" coveredstatements="6" conditionals="0" coveredconditionals="0" methods="2" coveredmethods="2"/>
        <line num="1" count="2" type="stmt"/>
        <line num="5" count="10" type="stmt"/>
        <line num="10" count="10" type="stmt"/>
        <line num="14" count="4" type="stmt"/>
        <line num="21" count="4" type="stmt"/>
        <line num="24" count="2" type="stmt"/>
      </file>
    </package>
  </project>
</coverage>
