TN:
SF:src/app.ts
FNF:0
FNH:0
DA:1,1
DA:2,1
DA:3,1
DA:4,1
DA:5,1
DA:7,1
DA:8,1
DA:9,1
DA:11,1
DA:12,1
DA:14,1
LF:11
LH:11
BRF:0
BRH:0
end_of_record
TN:
SF:src/database.ts
FNF:0
FNH:0
DA:1,2
DA:3,2
DA:4,2
LF:3
LH:3
BRF:0
BRH:0
end_of_record
TN:
SF:src/controllers/recommendationController.ts
FN:6,insert
FN:17,upvote
FN:25,downvote
FN:33,random
FN:39,get
FN:44,getTop
FN:51,getById
FNF:7
FNH:7
FNDA:11,insert
FNDA:2,upvote
FNDA:8,downvote
FNDA:2,random
FNDA:1,get
FNDA:1,getTop
FNDA:1,getById
DA:2,1
DA:3,1
DA:4,1
DA:7,11
DA:8,11
DA:9,1
DA:12,10
DA:14,9
DA:18,2
DA:20,2
DA:22,1
DA:26,8
DA:28,8
DA:30,7
DA:34,2
DA:36,1
DA:40,1
DA:41,1
DA:45,1
DA:47,1
DA:48,1
DA:52,1
DA:54,1
DA:55,1
DA:58,1
LF:25
LH:25
BRDA:8,0,0,1
BRF:1
BRH:1
end_of_record
TN:
SF:src/middlewares/errorHandlerMiddleware.ts
FN:8,errorHandlerMiddleware
FNF:1
FNH:1
FNDA:5,errorHandlerMiddleware
DA:2,1
DA:8,1
DA:14,5
DA:16,5
DA:17,5
DA:20,0
LF:6
LH:5
BRDA:16,0,0,5
BRF:1
BRH:1
end_of_record
TN:
SF:src/repositories/recommendationRepository.ts
FN:5,create
FN:16,findAll
FN:26,getAmountByScore
FN:33,getFindAllFilter
FN:45,find
FN:51,findByName
FN:57,updateScore
FN:66,remove
FNF:8
FNH:8
FNDA:9,create
FNDA:5,findAll
FNDA:1,getAmountByScore
FNDA:5,getFindAllFilter
FNDA:11,find
FNDA:10,findByName
FNDA:8,updateScore
FNDA:1,remove
DA:2,2
DA:6,9
DA:17,5
DA:19,5
DA:27,1
DA:36,5
DA:38,2
DA:40,2
DA:46,11
DA:52,10
DA:58,8
DA:67,1
DA:72,2
LF:13
LH:13
BRDA:36,0,0,3
BRF:1
BRH:1
end_of_record
TN:
SF:src/routers/recommendationRouter.ts
FNF:0
FNH:0
DA:1,1
DA:2,1
DA:4,1
DA:6,1
DA:7,1
DA:8,1
DA:9,1
DA:10,1
DA:11,1
DA:12,1
DA:14,1
LF:11
LH:11
BRF:0
BRH:0
end_of_record
TN:
SF:src/schemas/recommendationsSchemas.ts
FNF:0
FNH:0
DA:1,1
DA:4,1
DA:6,1
LF:3
LH:3
BRF:0
BRH:0
end_of_record
TN:
SF:src/services/recommendationsService.ts
FN:7,insert
FN:17,upvote
FN:23,downvote
FN:36,getByIdOrFail
FN:43,get
FN:47,getTop
FN:51,getRandom
FN:64,getByScore
FN:77,getScoreFilter
FNF:9
FNH:9
FNDA:11,insert
FNDA:2,upvote
FNDA:8,downvote
FNDA:11,getByIdOrFail
FNDA:1,get
FNDA:1,getTop
FNDA:2,getRandom
FNDA:2,getByScore
FNDA:2,getScoreFilter
DA:2,2
DA:3,2
DA:8,11
DA:11,11
DA:12,2
DA:14,9
DA:18,2
DA:20,1
DA:24,8
DA:26,7
DA:31,7
DA:32,1
DA:37,11
DA:38,11
DA:40,9
DA:44,1
DA:48,1
DA:52,2
DA:53,2
DA:55,2
DA:56,2
DA:57,1
DA:60,1
DA:61,1
DA:65,2
DA:70,2
DA:71,0
DA:74,2
DA:78,2
DA:79,1
DA:82,1
DA:85,2
LF:32
LH:31
BRDA:11,0,0,2
BRDA:31,1,0,1
BRDA:38,2,0,2
BRDA:56,3,0,1
BRDA:70,4,0,0
BRDA:78,5,0,1
BRF:6
BRH:5
end_of_record
TN:
SF:src/utils/errorUtils.ts
FN:7,isAppError
FN:11,errorTypeToStatusCode
FN:19,conflictError
FN:23,notFoundError
FN:27,unauthorizedError
FN:31,wrongSchemaError
FNF:6
FNH:5
FNDA:5,isAppError
FNDA:5,errorTypeToStatusCode
FNDA:1,conflictError
FNDA:3,notFoundError
FNDA:0,unauthorizedError
FNDA:1,wrongSchemaError
DA:7,2
DA:8,5
DA:11,2
DA:12,5
DA:13,4
DA:14,1
DA:15,1
DA:16,0
DA:19,2
DA:20,1
DA:23,2
DA:24,3
DA:27,2
DA:28,0
DA:31,2
DA:32,1
LF:16
LH:14
BRDA:12,0,0,1
BRDA:13,1,0,3
BRDA:14,2,0,0
BRDA:15,3,0,1
BRDA:20,4,0,1
BRDA:20,4,1,0
BRDA:20,5,0,1
BRDA:20,5,1,1
BRDA:24,6,0,0
BRDA:24,6,1,3
BRDA:24,7,0,3
BRDA:24,7,1,3
BRDA:28,8,0,0
BRDA:28,8,1,0
BRDA:28,9,0,0
BRDA:28,9,1,0
BRDA:32,10,0,0
BRDA:32,10,1,1
BRDA:32,11,0,1
BRDA:32,11,1,1
BRF:20
BRH:12
end_of_record
TN:
SF:tests/factories/recommendationFacotry.ts
FN:3,recommendationFactory
FNF:1
FNH:1
FNDA:11,recommendationFactory
DA:1,2
DA:3,2
DA:4,11
DA:9,11
LF:4
LH:4
BRF:0
BRH:0
end_of_record
