TN:
SF:src/app.ts
FNF:0
FNH:0
DA:1,1
DA:2,1
DA:3,1
DA:4,1
DA:5,1
DA:7,1
DA:8,1
DA:9,1
DA:11,1
DA:12,1
DA:14,1
LF:11
LH:11
BRF:0
BRH:0
end_of_record
TN:
SF:src/database.ts
FNF:0
FNH:0
DA:1,2
DA:3,2
DA:4,2
LF:3
LH:3
BRF:0
BRH:0
end_of_record
TN:
SF:src/controllers/recommendationController.ts
FN:6,insert
FN:17,upvote
FN:25,downvote
FN:33,random
FN:39,get
FN:44,getTop
FN:51,getById
FN:58,resetE2e
FNF:8
FNH:7
FNDA:11,insert
FNDA:2,upvote
FNDA:8,downvote
FNDA:2,random
FNDA:1,get
FNDA:1,getTop
FNDA:1,getById
FNDA:0,resetE2e
DA:2,1
DA:3,1
DA:4,1
DA:7,11
DA:8,11
DA:9,1
DA:12,10
DA:14,9
DA:18,2
DA:20,2
DA:22,1
DA:26,8
DA:28,8
DA:30,7
DA:34,2
DA:36,1
DA:40,1
DA:41,1
DA:45,1
DA:47,1
DA:48,1
DA:52,1
DA:54,1
DA:55,1
DA:59,0
DA:61,0
DA:64,1
LF:27
LH:25
BRDA:8,0,0,1
BRF:1
BRH:1
end_of_record
TN:
SF:src/middlewares/errorHandlerMiddleware.ts
FN:8,errorHandlerMiddleware
FNF:1
FNH:1
FNDA:5,errorHandlerMiddleware
DA:2,1
DA:8,1
DA:14,5
DA:15,5
DA:18,0
LF:5
LH:4
BRDA:14,0,0,5
BRF:1
BRH:1
end_of_record
TN:
SF:src/repositories/recommendationRepository.ts
FN:5,create
FN:16,findAll
FN:26,getAmountByScore
FN:33,getFindAllFilter
FN:45,find
FN:51,findByName
FN:57,updateScore
FN:66,remove
FN:72,truncateForE2eTesting
FNF:9
FNH:8
FNDA:9,create
FNDA:5,findAll
FNDA:1,getAmountByScore
FNDA:5,getFindAllFilter
FNDA:11,find
FNDA:10,findByName
FNDA:8,updateScore
FNDA:1,remove
FNDA:0,truncateForE2eTesting
DA:2,2
DA:6,9
DA:17,5
DA:19,5
DA:27,1
DA:36,5
DA:38,2
DA:40,2
DA:46,11
DA:52,10
DA:58,8
DA:67,1
DA:73,0
DA:76,2
LF:14
LH:13
BRDA:36,0,0,3
BRF:1
BRH:1
end_of_record
TN:
SF:src/routers/recommendationRouter.ts
FNF:0
FNH:0
DA:1,1
DA:2,1
DA:4,1
DA:6,1
DA:7,1
DA:8,1
DA:9,1
DA:10,1
DA:11,1
DA:12,1
DA:14,1
DA:16,1
LF:12
LH:12
BRF:0
BRH:0
end_of_record
TN:
SF:src/schemas/recommendationsSchemas.ts
FNF:0
FNH:0
DA:1,1
DA:4,1
DA:6,1
LF:3
LH:3
BRF:0
BRH:0
end_of_record
TN:
SF:src/services/recommendationsService.ts
FN:7,insert
FN:17,upvote
FN:23,downvote
FN:36,getByIdOrFail
FN:43,get
FN:47,getTop
FN:51,getRandom
FN:64,getByScore
FN:77,getScoreFilter
FN:85,truncateForE2eTesting
FNF:10
FNH:10
FNDA:12,insert
FNDA:4,upvote
FNDA:8,downvote
FNDA:13,getByIdOrFail
FNDA:2,get
FNDA:2,getTop
FNDA:3,getRandom
FNDA:3,getByScore
FNDA:5,getScoreFilter
FNDA:1,truncateForE2eTesting
DA:2,2
DA:3,2
DA:8,12
DA:11,12
DA:12,2
DA:14,10
DA:18,4
DA:20,2
DA:24,8
DA:26,7
DA:31,7
DA:32,1
DA:37,13
DA:38,13
DA:40,10
DA:44,2
DA:48,2
DA:52,3
DA:53,3
DA:55,3
DA:56,3
DA:57,1
DA:60,2
DA:61,2
DA:65,3
DA:70,3
DA:71,1
DA:74,2
DA:78,5
DA:79,3
DA:82,2
DA:86,1
DA:89,2
LF:33
LH:33
BRDA:11,0,0,2
BRDA:31,1,0,1
BRDA:38,2,0,3
BRDA:56,3,0,1
BRDA:70,4,0,1
BRDA:78,5,0,3
BRF:6
BRH:6
end_of_record
TN:
SF:src/utils/errorUtils.ts
FN:7,isAppError
FN:11,errorTypeToStatusCode
FN:19,conflictError
FN:23,notFoundError
FN:27,unauthorizedError
FN:31,wrongSchemaError
FNF:6
FNH:5
FNDA:5,isAppError
FNDA:5,errorTypeToStatusCode
FNDA:2,conflictError
FNDA:4,notFoundError
FNDA:0,unauthorizedError
FNDA:1,wrongSchemaError
DA:7,2
DA:8,5
DA:11,2
DA:12,5
DA:13,4
DA:14,1
DA:15,1
DA:16,0
DA:19,2
DA:20,2
DA:23,2
DA:24,4
DA:27,2
DA:28,0
DA:31,2
DA:32,1
LF:16
LH:14
BRDA:12,0,0,1
BRDA:13,1,0,3
BRDA:14,2,0,0
BRDA:15,3,0,1
BRDA:20,4,0,2
BRDA:20,4,1,0
BRDA:20,5,0,2
BRDA:20,5,1,2
BRDA:24,6,0,0
BRDA:24,6,1,4
BRDA:24,7,0,4
BRDA:24,7,1,4
BRDA:28,8,0,0
BRDA:28,8,1,0
BRDA:28,9,0,0
BRDA:28,9,1,0
BRDA:32,10,0,0
BRDA:32,10,1,1
BRDA:32,11,0,1
BRDA:32,11,1,1
BRF:20
BRH:12
end_of_record
TN:
SF:tests/factories/recommendationFactory.ts
FN:4,recommendationFactory
FN:13,completeRecommendationFactory
FNF:2
FNH:2
FNDA:10,recommendationFactory
FNDA:4,completeRecommendationFactory
DA:1,2
DA:5,10
DA:10,10
DA:14,4
DA:21,4
DA:24,2
LF:6
LH:6
BRF:0
BRH:0
end_of_record
